<?xml version="1.0" encoding="UTF-8"?>
<testng-results ignored="0" total="3" passed="3" failed="0" skipped="0">
  <reporter-output>
  </reporter-output>
  <suite started-at="2025-05-25T19:42:01 IST" name="OrangeHRM Suite" finished-at="2025-05-25T19:43:21 IST" duration-ms="80226">
    <groups>
    </groups>
    <test started-at="2025-05-25T19:42:01 IST" name="Login and Add User Tests" finished-at="2025-05-25T19:43:21 IST" duration-ms="80226">
      <class name="tests.LoginTests">
        <test-method is-config="true" signature="loadConfig()[pri:0, instance:tests.LoginTests@243c4f91]" started-at="2025-05-25T19:42:01 IST" name="loadConfig" finished-at="2025-05-25T19:42:01 IST" duration-ms="95" status="PASS">
          <reporter-output>
          </reporter-output>
        </test-method> <!-- loadConfig -->
        <test-method is-config="true" signature="setup()[pri:0, instance:tests.LoginTests@243c4f91]" started-at="2025-05-25T19:42:01 IST" name="setup" finished-at="2025-05-25T19:42:12 IST" duration-ms="10925" status="PASS">
          <reporter-output>
          </reporter-output>
        </test-method> <!-- setup -->
        <test-method signature="validLoginTest()[pri:1, instance:tests.LoginTests@243c4f91]" started-at="2025-05-25T19:42:12 IST" name="validLoginTest" finished-at="2025-05-25T19:42:24 IST" duration-ms="11741" status="PASS">
          <reporter-output>
          </reporter-output>
        </test-method> <!-- validLoginTest -->
        <test-method is-config="true" signature="tearDown()[pri:0, instance:tests.LoginTests@243c4f91]" started-at="2025-05-25T19:42:24 IST" name="tearDown" finished-at="2025-05-25T19:42:29 IST" duration-ms="5343" status="PASS">
          <reporter-output>
          </reporter-output>
        </test-method> <!-- tearDown -->
        <test-method is-config="true" signature="setup()[pri:0, instance:tests.LoginTests@243c4f91]" started-at="2025-05-25T19:42:29 IST" name="setup" finished-at="2025-05-25T19:42:39 IST" duration-ms="9936" status="PASS">
          <reporter-output>
          </reporter-output>
        </test-method> <!-- setup -->
        <test-method signature="invalidLoginTest()[pri:2, instance:tests.LoginTests@243c4f91]" started-at="2025-05-25T19:42:39 IST" name="invalidLoginTest" finished-at="2025-05-25T19:42:45 IST" duration-ms="5614" status="PASS">
          <reporter-output>
          </reporter-output>
        </test-method> <!-- invalidLoginTest -->
        <test-method is-config="true" signature="tearDown()[pri:0, instance:tests.LoginTests@243c4f91]" started-at="2025-05-25T19:42:45 IST" name="tearDown" finished-at="2025-05-25T19:42:52 IST" duration-ms="7660" status="PASS">
          <reporter-output>
          </reporter-output>
        </test-method> <!-- tearDown -->
      </class> <!-- tests.LoginTests -->
      <class name="tests.AddUserTests">
        <test-method is-config="true" signature="setup()[pri:0, instance:tests.AddUserTests@5119fb47]" started-at="2025-05-25T19:42:52 IST" name="setup" finished-at="2025-05-25T19:43:00 IST" duration-ms="7814" status="PASS">
          <reporter-output>
          </reporter-output>
        </test-method> <!-- setup -->
        <test-method signature="addNewUserTest()[pri:3, instance:tests.AddUserTests@5119fb47]" started-at="2025-05-25T19:43:00 IST" name="addNewUserTest" finished-at="2025-05-25T19:43:17 IST" duration-ms="16353" status="PASS">
          <reporter-output>
          </reporter-output>
        </test-method> <!-- addNewUserTest -->
        <test-method is-config="true" signature="tearDown()[pri:0, instance:tests.AddUserTests@5119fb47]" started-at="2025-05-25T19:43:17 IST" name="tearDown" finished-at="2025-05-25T19:43:21 IST" duration-ms="4776" status="PASS">
          <reporter-output>
          </reporter-output>
        </test-method> <!-- tearDown -->
      </class> <!-- tests.AddUserTests -->
    </test> <!-- Login and Add User Tests -->
  </suite> <!-- OrangeHRM Suite -->
</testng-results>
