<?xml version="1.0" encoding="UTF-8"?>
<!-- Generated by org.testng.reporters.JUnitXMLReporter -->
<testsuite ignored="2" hostname="ASCINLAP61601" failures="0" tests="4" name="Login and Add User Tests" time="93.569" errors="0" timestamp="2025-05-25T20:34:08 IST">
  <testcase classname="tests.LoginTests" name="validLoginTest" time="5.729"/>
  <testcase classname="tests.LoginTests" name="invalidLoginTest" time="6.633"/>
  <testcase classname="tests.AddUserTests" name="addNewUserTest" time="14.684"/>
  <testcase classname="tests.BuzzTests" name="postMessageOnBuzzTest" time="9.327"/>
  <testcase classname="testbase.BaseTest" name="@BeforeSuite loadConfig" time="0.0">
    <ignored/>
  </testcase> <!-- @BeforeSuite loadConfig -->
  <testcase classname="testbase.BaseTest" name="@BeforeSuite loadConfig" time="0.0">
    <ignored/>
  </testcase> <!-- @BeforeSuite loadConfig -->
</testsuite> <!-- Login and Add User Tests -->
