<?xml version="1.0" encoding="UTF-8"?>
<!-- Generated by org.testng.reporters.JUnitXMLReporter -->
<testsuite ignored="1" hostname="ASCINLAP61601" failures="0" tests="3" name="Login and Add User Tests" time="80.226" errors="0" timestamp="2025-05-25T19:43:21 IST">
  <testcase classname="tests.LoginTests" name="validLoginTest" time="11.741"/>
  <testcase classname="tests.LoginTests" name="invalidLoginTest" time="5.614"/>
  <testcase classname="tests.AddUserTests" name="addNewUserTest" time="16.353"/>
  <testcase classname="testbase.BaseTest" name="@BeforeSuite loadConfig" time="0.0">
    <ignored/>
  </testcase> <!-- @BeforeSuite loadConfig -->
</testsuite> <!-- Login and Add User Tests -->
